402 1.42567 0.0326281
403 1.51896 0.0165029
404 1.55307 0.0258274
405 1.56205 0.0158055
406 1.53313 0.0113187
407 1.58706 0.0257752
408 1.56024 0.0366306
409 1.52566 0.0216698
410 1.346 0.00892996
411 1.42153 0.00683486
413 1.50323 0.0165823
414 1.5821 0.0306641
415 1.49971 0.0206451
416 1.46813 0.0210373
417 1.46217 0.00635701
418 1.55354 0.02424
419 1.52289 0.0209602
420 1.60367 0.0162931
421 1.5691 0.0428297
422 1.4728 0.0482054
423 1.57083 0.0191391
424 1.5522 0.0156906
425 1.57249 0.0163807
426 1.63415 0.010498
427 1.59861 0.0136997
428 1.55808 0.00483393
429 1.52576 0.00449505
431 1.51161 0.0109763
432 1.55933 0.0101676
433 1.49311 0.0214801
434 1.50344 0.0260198
435 1.52642 0.0127768
436 1.59845 0.0129789
437 1.63773 0.012238
438 1.63097 0.015485
439 1.68852 0.0109349
440 1.61358 0.00658987
441 1.65677 0.0120788
443 1.50486 0.041003
444 1.5526 0.0449559
445 1.52542 0.0345531
447 1.52519 0.0129491
448 1.49805 0.0130577
449 1.60887 0.0148698
450 1.57868 0.0292715
451 1.67007 0.0202664
452 1.64859 0.0142551
453 1.64296 0.0198406
454 1.54929 0.0253486
455 1.48288 0.0141399
457 1.45044 0.0312946
458 1.55393 0.0312271
460 1.46814 0.0294421
461 1.5718 0.0237229
462 1.55494 0.0131611
463 1.55031 0.0118218
464 1.55749 0.0124242
465 1.46138 0.0133444
466 1.44213 0.0469841
467 1.50238 0.0191694
469 1.48834 0.0242673
470 1.47492 0.033054
471 1.45703 0.0119066
473 1.4787 0.00400348
474 1.51167 0.00460102
475 1.48592 0.00372165
476 1.54319 0.00511543
477 1.48056 0.00734016
478 1.55929 0.00853426
479 1.42591 0.0150839
480 1.52532 0.0175104
481 1.46766 0.0211475
482 1.45584 0.0308766
483 1.5116 0.0204191
484 1.51975 0.00585361
486 1.60869 0.00986663
487 1.63259 0.0100459
488 1.63831 0.0270564
489 1.74164 0.0195237
490 1.665 0.0133972
491 1.6617 0.0266847
492 1.69856 0.0218261
493 1.61805 0.00500749
494 1.65925 0.00496732
495 1.62898 0.00567622
496 1.64971 0.00536425
497 1.64553 0.00603523
498 1.63488 0.0061122
499 1.61626 0.00546888
500 1.58386 0.00511195
501 1.50128 0.00744683
502 1.4896 0.00537888
503 1.39842 0.0108055
504 1.42653 0.00412687
505 1.45954 0.00745471
506 1.47421 0.00622444
507 1.48603 0.00505826
509 1.35991 0.0132983
510 1.37001 0.018897
511 1.45195 0.0141687
512 1.41494 0.00872946
513 1.47346 0.00694849
514 1.35062 0.00365467
516 1.483 0.00532112
517 1.51575 0.00511849
518 1.56445 0.00850241
520 1.53844 0.0191526
521 1.54048 0.00470095
522 1.54845 0.0166991
523 1.37183 0.00428271
524 1.32884 0.00545874
525 0.941489 0.00218437
