402 -0.214726 0.0360147
403 -0.0808577 0.0260245
404 0.0783805 0.0310337
405 0.0452321 0.0297889
406 0.0479084 0.0291897
407 0.0738302 0.030643
408 0.0562796 0.0405383
409 0.0359684 0.0331731
410 -0.0385494 0.0310242
411 -0.0506677 0.029701
413 0.0209729 0.0269739
414 0.103067 0.0309725
415 0.0676818 0.0283375
416 0.0383109 0.0300976
417 0.0595238 0.0289856
418 0.0720532 0.0321665
419 0.0932534 0.0246209
420 0.119507 0.0292721
421 0.0911353 0.0450201
422 0.0652987 0.0427187
423 0.140244 0.0243211
424 0.0582584 0.0259427
425 0.1431 0.0236421
426 0.158599 0.0250973
427 0.149561 0.0281441
428 0.178329 0.0280814
429 0.10995 0.0270841
431 0.159861 0.0296561
432 0.181303 0.0285359
433 0.0861889 0.0318715
434 0.125624 0.0355361
435 0.0580436 0.0205462
436 0.173268 0.0233015
437 0.202189 0.0246606
438 0.262669 0.027506
439 0.303881 0.0288003
440 0.248497 0.0272353
441 0.217894 0.026781
443 0.13026 0.0362704
444 0.10447 0.0380915
445 0.118177 0.0322131
447 0.10374 0.0210781
448 0.0775591 0.0248168
449 0.145604 0.023001
450 0.20594 0.0295417
451 0.208306 0.0274835
452 0.183297 0.0289408
453 0.158206 0.0259194
454 0.0967879 0.0339563
455 0.070098 0.0289525
457 0.086906 0.0294642
458 0.146757 0.0333408
460 0.104442 0.0334927
461 0.133168 0.0248711
462 0.122196 0.0254128
463 0.0952329 0.0263483
464 0.105628 0.0261795
465 0.0723425 0.0283839
466 0.0903566 0.0530738
467 0.0577863 0.0315563
469 -0.00538942 0.029889
470 0.0573857 0.0351213
471 0.159634 0.030071
473 0.0568301 0.0249426
474 0.104236 0.0231933
475 0.134187 0.0220123
476 0.080655 0.0229935
477 0.108951 0.023727
478 0.131342 0.0217197
479 0.0365617 0.0227801
480 0.0330176 0.0224073
481 0.0145594 0.0238541
482 0.0421732 0.0300748
483 0.0598973 0.0270782
484 0.127519 0.0238933
486 0.239204 0.0268603
487 0.293596 0.0273201
488 0.279304 0.0339748
489 0.342352 0.0313591
490 0.379772 0.0362679
491 0.350099 0.034351
492 0.401425 0.0329469
493 0.372356 0.0279738
494 0.429356 0.0288966
495 0.398356 0.0297533
496 0.386795 0.0268472
497 0.304049 0.0244032
498 0.378395 0.0297742
499 0.328818 0.0287016
500 0.306147 0.0299418
501 0.21974 0.0301183
502 0.194375 0.0268918
504 0.0972236 0.0252306
505 0.0263016 0.0245612
506 -0.0109276 0.0228377
507 -0.0140906 0.00926361
509 -0.162498 0.0255266
510 -0.0975679 0.0252688
511 -0.0512664 0.0217749
512 -0.0609946 0.0249941
513 -0.0333285 0.0239187
514 -0.0165383 0.0243779
516 0.0504645 0.0239051
517 0.04274 0.0310255
518 0.0989377 0.0259239
520 0.126824 0.0138503
521 0.00622216 0.0231017
522 -0.0917475 0.0232589
523 -0.332462 0.0244375
524 -0.597131 0.0257801
525 -0.981342 0.0242341
