402 1.241151556915786 0.24669582173390214
403 1.5939566306131072 0.1495457212843579
404 1.900458557899799 0.18077998370600906
405 1.7775159600402208 0.1186857643071304
406 1.8728356420489578 0.09488503244243843
407 1.8983628374715396 0.17877919039617915
408 1.7513968662635255 0.2787801098587501
409 1.7552751572464838 0.20598055007499477
410 1.5626633583112215 0.10998502931397743
411 1.5144267342481554 0.11160741247872624
413 1.8786109905658124 0.14305051588768442
414 1.6756321159516667 0.2253230900649231
415 2.0025738561712423 0.1663932264739371
416 1.8141718086743854 0.15765592340923046
417 1.99799611923711 0.10687494393213545
418 2.0202806088389478 0.1690469301518824
419 2.079903723817947 0.16286626787647812
420 2.148595576401792 0.13130455795631246
421 1.9944378726452079 0.42232892848528364
422 1.0754459087401809 0.6224460112171691
423 2.131018776219236 0.1544740063893487
424 1.9341157783636076 0.15625210080940463
425 2.0361098641738784 0.13689027734099493
426 2.319121517258276 0.13529474490365442
427 2.275941589695529 0.13742700245412603
428 2.1049229694802234 0.09768611792589087
429 2.2822556128795735 0.07545519831477054
431 2.3839533549476437 0.2362726631689357
432 2.1445243618865373 0.11819741972752211
433 1.735480439398605 0.20890577733914767
434 1.6961706275635993 0.22710066310148244
435 1.9062330035681454 0.08681585211167557
436 2.1366963828237986 0.12209876802168088
437 2.41044415276581 0.11062166716076338
438 2.3552033105595185 0.122278878999992
439 2.9012827396172574 0.14544426619773598
440 2.7079534825366918 0.10500690046051575
441 2.8478013170017777 0.11761483321927306
443 2.077596841544278 0.3474124741679389
444 2.313410293129169 0.35949086512400125
445 1.774203148079665 0.2615490949975671
447 2.0675857121549575 0.12093990012216771
448 2.067894509116442 0.13581828490627268
449 2.5810225839432865 0.1381052416072292
450 2.414278965394401 0.18618066426818974
451 2.7794514448874983 0.15334097603131144
452 2.5565877723841335 0.13263154212894818
453 2.2246472602040845 0.1446640738179205
454 2.0475769563038546 0.1826132860232268
455 1.7064769446444674 0.1453199559944086
457 2.282793386118649 0.216249990479041
458 1.9984540280850052 0.26036565022439867
460 2.182435412900963 0.2575366372866534
461 1.8007162268709898 0.16937568745789455
462 2.1129867690453032 0.12255770415339767
463 2.136185013656471 0.10795487621016381
464 2.0561743217448054 0.12393391129121858
465 1.9533719006319987 0.14399570571768688
466 1.5625532739031696 0.6494585657153981
467 2.135825348331834 0.1593340281972052
469 1.8942571218337891 0.1665384387725668
470 1.8182768728169958 0.28315480224577955
471 2.0417809448784734 0.13356541725608417
473 2.051306667407216 0.07076159513058175
474 2.181662801478257 0.08036368435313024
475 2.3176003606129427 0.06350698719426266
476 2.187903833861507 0.0803020311666997
477 2.112006740412968 0.10687690184438364
478 2.2607892454369374 0.08205746163398697
479 1.7175989291419458 0.12139530479064076
480 1.9429413518598775 0.11971352559415348
481 1.6223278732686885 0.1492248121027654
482 1.8367793830469252 0.236430634803845
483 1.9439403236704433 0.1524041597127865
484 2.196905548595252 0.09451619454474068
486 2.712929039510188 0.11582866880362408
487 3.0785084157460707 0.1179800724325907
488 3.0764055485375654 0.21805840579967384
489 3.4849349166004497 0.17102442166278167
490 3.8190555076113153 0.16962581884960978
491 3.594904694018473 0.25923289856838044
492 3.82449194490957 0.19330319069316232
493 4.336826953332276 0.1275187580780548
494 4.479621981492824 0.12195926619349394
495 4.300140906319079 0.10483880821522339
496 4.609582536526809 0.11769670434548286
497 3.9383477194788172 0.09115995373610003
498 4.224933967994491 0.11558384396968213
499 3.9565653403639542 0.11382250460002369
500 3.596326889152605 0.12745264153088645
501 3.2757230617873723 0.11800078970665345
502 2.9486574790392504 0.12384730988660751
504 2.2868580398911367 0.08185522430301759
505 1.9290545515158048 0.10380017904288061
506 1.8069448882407202 0.09640715174689135
507 1.8072174489070119 0.03607169367385698
509 1.2601502895794459 0.13837379145696532
510 1.461530995536226 0.13386624214303816
511 1.657386947073516 0.12544725375013865
512 1.7009959930534282 0.10246798428479664
513 1.760073411146014 0.09753369876693678
514 1.8148227130462304 0.09375694473779914
516 1.9713324637146197 0.07067008529446744
517 2.095177582161082 0.07973736354717621
518 1.9669774965605629 0.10146588516364272
520 2.209681910176126 0.06922605797756107
521 1.7462845134061855 0.08613952977134233
522 1.5035440780396228 0.13080782902446655
523 1.3593090481157795 0.08113752786716401
524 1.050211262955582 0.07030341191863791
525 0.7120687628233038 0.07247832140722107
