1	-0.95763391521197	0.09664345348311457
2	-0.9469688279301743	0.10277757586350066
3	-1.4145725685785537	0.11197738407578779
4	-1.5578069825436411	0.1166611733716113
5	-1.7590857855361592	0.13575430510885458
6	-2.0048820448877804	0.1371323662644301
7	-1.2213608478802993	0.14280931830797913
8	-1.7689977556109726	0.1585168038942276
9	-1.27916325	0.17031579653625153
10	-1.4396538653366584	0.176118576291414
11	-1.016080049875312	0.134758117140972
12	-1.584743142144638	0.13696338124839413
13	-1.5299446384039903	0.17214021987687692
14	-1.6887587500000008	0.14622320815708809
15	-1.0304945137157109	0.13663018737038302
16	-1.3201927680798005	0.15034162061315526
17	-0.9998386533665836	0.13783954134349746
18	-1.6124162094763095	0.15746769688398488
19	0.3887453865336659	0.1345360318836431
20	-1.9216433915211975	0.11546817985856056
21	-1.0437670822942644	0.12915436451030524
22	-1.381963840399002	0.1602619339906984
23	-1.7974466334164587	0.14186167292747062
24	-1.47177225	0.13708227026220612
25	-1.5983743142144637	0.1250641664301488
26	-1.0630084788029925	0.1367312268149116
27	-1.2724604999999998	0.13700154867321282
28	-1.1465630922693266	0.1456330142260754
29	-0.9036072319201994	0.15569973296269046
30	-1.1522810473815461	0.12378826072177837
31	-0.82186725	0.15573095434039247
32	-0.9874707500000001	0.1711422383858741
33	-1.2456187032418955	0.11578054305957441
34	-1.6510705735660844	0.1373258549493087
35	-1.683984289276808	0.14386928421392522
36	-1.1640650872817953	0.13562085339360763
37	-1.4037753117206986	0.13590936546051327
38	-1.773365835411471	0.11745765957756477
39	-0.9576897755610974	0.1411738145906087
40	-0.7287246882793017	0.14563200071900842
41	-1.1168149625935164	0.15510138206902113
42	-0.9930463840399001	0.1314863076313425
43	-1.170095511221945	0.1278883059139142
44	-1.2480468827930176	0.128176132084443
45	-1.0727635910224442	0.12676368991176704
46	-1.5336316708229418	0.15643824261214032
47	-1.0187172069825439	0.14125158683848318
48	-1.7775972568578557	0.13794062515580563
49	-1.2812788029925186	0.15687026165265547
50	-1.2656119700748132	0.12061395984306675
51	-0.5709386533665836	0.14716797358288652
52	-1.5738788029925193	0.13420460886492913
53	-0.9146561097256856	0.16285878454302508
54	-1.1056763092269324	0.15663496449515463
55	-1.494701	0.1567404391524233
56	-0.9574274314214467	0.1269307786278419
57	-1.3576875311720698	0.15686508921632952
58	-1.1074364089775566	0.1597007493146448
59	-1.1759750623441394	0.13212611061758642
60	-1.3636541147132166	0.14200138536432944
61	-0.85846875	0.1500462167619361
62	-1.6924533665835408	0.1326823025273885
63	-0.0018561097256858043	0.14417105042372544
64	-2.157803740648379	0.15860238782320019
65	-0.8812366583541147	0.13208414448205227
66	-0.4468685785536159	0.13913044221866733
67	-2.0316346633416456	0.1581313354361303
68	-0.7045596009975065	0.1374063487585362
69	-0.9412665835411469	0.126670622474328
70	-1.3712306733167086	0.167599940498944
71	-0.7506652499999998	0.12396102692654987
72	-1.9313369077306735	0.1451261288804743
73	-1.3158513715710725	0.1547417590528985
74	-1.5110441396508727	0.16820144167512888
75	-0.6854077499999999	0.13370665195906012
76	-1.9783862842892774	0.14009191278769487
77	-1.4869129675810477	0.15472338715126294
78	-1.0846902743142144	0.15178793211782562
79	-0.8220608478802993	0.14875331489110322
80	-1.699473067331671	0.17083146011660716
81	-1.2501114713216956	0.14006957920145677
82	-1.2668513715710723	0.15012944351615212
83	-1.3103231920199498	0.14271423001780367
84	-1.3522491271820454	0.14731725924655448
85	-0.9049391521197007	0.12520621570490723
86	-1.2803877805486286	0.14093333383426482
87	-1.253762842892768	0.15084856127136576
88	-0.9673134663341648	0.14516765111141838
89	-2.073286	0.15136047447663145
90	-1.4425391521197006	0.14777803576342624
91	-1.3907870324189526	0.1212889511360766
92	-0.7677401496259351	0.13255639010370332
93	-1.5279224438902743	0.168368536070828
94	-0.5850229426433915	0.12620871684572524
95	-1.227020698254364	0.12070577762176016
96	-0.9085596009975064	0.12379461729379074
97	-0.998071072319202	0.11504225848982161
98	-0.7732815461346632	0.0897375018168961
99	-1.6849421446384039	0.10293750549171
100	-0.502260349127182	0.10876051133249032
101	-0.7808620947630922	0.0997372551475638
102	-1.0787331670822942	0.10812269304390824
103	-1.1252471321695758	0.11706144170289028
104	-0.4142466334164587	0.1228296886268803
105	-1.486047880299252	0.08115530391094404
106	-0.6569177057356608	0.10116942828552289
107	-1.2273411471321696	0.12679851610943924
108	-0.611004987531172	0.11605908249971701
109	-0.9513438902743142	0.12645914664396166
110	-1.5111004987531171	0.13975984034511552
111	-0.8245197007481294	0.1377961943920978
112	-1.1287067331670824	0.15029463443210228
113	-1.4898493765586034	0.15910620834039219
114	-0.7677124688279302	0.1281514811278418
115	-0.8924645885286783	0.13357448835209138
116	-1.2208713216957607	0.13212015161644725
117	-0.7489588528678305	0.14035742080233063
118	-1.221841396508728	0.16461213107753495
119	-0.9788655860349129	0.15135532475886798
120	-2.5957149625935165	0.15178468211547946
121	-0.6860264339152121	0.16140487625881342
122	-1.9214261845386533	0.170401907101667
123	-2.786517206982545	0.13509139005717283
124	-2.1173927680798004	0.15846916781165263
125	-1.6842596009975066	0.14526633726333943
126	-1.7521783042394012	0.13391486514709292
127	-1.8668403990024933	0.14862926588529218
128	-1.3290189526184542	0.12066488501177793
129	-0.898777556109726	0.12081208232399822
130	-1.2963481296758101	0.10615120840694545
131	-0.4043713216957605	0.08844257963190633
132	-0.567974812967581	0.11389660159123156
