1	8.366682793017457	0.9476054970528743
2	10.477768578553615	0.9413444115159584
3	12.685834912718203	0.9448285442466285
4	15.280399750623442	1.0076647090662358
5	15.052751371571071	1.0584652860042252
6	17.161959600997506	0.9497423198246672
7	14.956962094763092	1.2197280508032158
8	15.270303740648378	1.2177710438951468
9	11.297562749999997	1.359770467950398
10	10.699200498753118	1.1375194247243607
11	10.309633915211972	1.1260425198257626
12	15.143913715710728	1.2079001125980788
13	12.359854862842887	1.3680384955197213
14	11.379362499999997	1.2560477613764993
15	14.226514962593516	0.9526197668347011
16	11.339730423940154	1.3417706900407629
17	11.70182094763092	1.3609205769086212
19	12.554817456359103	0.9610849822109624
20	2.8855361596009983	1.4025374997305988
21	15.62996209476309	1.202465875808437
22	8.784955361596008	1.0258084051261283
23	13.946783541147132	0.9296393876359416
24	13.265338999999999	1.0457284996017715
25	11.685481296758105	1.158751656482726
26	10.917569825436406	1.066435229536509
27	11.059758000000002	1.2242417343091978
28	8.45710349127182	1.2069361075008933
30	9.21315910224439	1.1393506693810684
31	8.075624	1.3839472124086252
32	8.519927000000001	1.3739882219157804
33	8.647694264339151	1.2113658636135638
34	13.450546134663341	1.0861321790952192
35	16.18083167082294	1.0291871786473177
36	14.321647381546132	0.9646408144110036
37	13.140050623441395	1.0138164311070075
38	14.574733665835408	1.0058615706017093
39	12.694428927680796	1.1333619223170621
42	9.907520199501246	1.0857368268925363
43	11.1317855361596	0.947040859252947
44	9.059233665835412	1.1794230917922481
45	10.930123940149626	1.0288676329421804
46	9.760315211970074	1.4202493151471354
47	10.022495511221944	0.9102917094927436
48	14.512666832917708	1.1871609918287882
49	13.32934563591023	1.2705929566689875
50	10.531777057356614	1.1335372651662767
51	9.917393516209472	1.180811319625639
53	10.988522693266829	1.2379878803877247
54	8.119492269326683	1.2177234822140195
55	11.56444525	1.065518395103899
56	9.825254862842893	1.2587038810969777
57	7.881863092269327	1.3162012749339227
58	13.232558104738157	1.30997590022882
59	11.561758603491269	1.1163401407585873
60	13.445788528678303	1.2930225386321
61	12.211558499999997	1.2086749850770704
63	15.061019700748133	1.1945903919170562
64	3.26927506234414	1.273855980859961
65	15.049353366583544	1.144220271961167
66	8.5002608478803	1.304076154986142
67	11.98336483790524	0.9800329349266361
68	10.548744638403994	1.2017006944353414
69	7.4080234413965105	1.2090062646453066
70	13.8685710723192	1.2641316085370582
71	12.216200500000003	0.9869819922381096
72	11.461099251870321	1.11387410903523
73	14.855311471321695	1.1905760609722298
74	12.761016458852867	1.423602016886651
75	13.410243999999999	1.1136698642230805
76	8.176769326683294	1.3950142658355484
78	10.914865336658353	1.019188369819344
79	10.296405985037408	1.218572984982162
80	10.208122693266834	1.378870534514925
81	12.72769401496259	1.203535556464422
82	11.222623940149624	1.317495426718807
83	13.952905735660849	1.2840087808516014
84	12.374947132169577	1.1774849575327342
85	9.294360847880302	1.1341147687333688
86	7.234918703241898	1.2432403899152786
87	14.66419052369077	1.3714705669561766
88	8.148439900249377	1.259620649139548
89	12.577965250000002	1.2331106815721407
90	18.304584289276804	1.1475530531321805
91	11.765066832917702	1.180959711794565
92	13.566563840399002	1.0437961144588797
93	4.672568329177057	1.3446638528308446
94	10.407580299251874	0.9944075688472592
95	7.552507730673317	0.9064198521525322
96	9.095695261845387	0.9668668339513486
97	8.601104488778054	1.0548934045570026
98	6.949179800498755	0.949995267979479
99	14.177068578553614	0.8201750604572892
100	4.0973246882793015	1.0124405679011037
101	5.357070324189525	0.9246678215171777
102	10.871812468827931	0.8282963015859384
103	5.131409476309227	0.8906614097700399
104	6.383019950124686	0.9674092430579776
105	7.40758029925187	0.8062739290366951
106	10.399318204488779	0.8421964300921972
107	7.144285536159604	1.1950375097845727
108	5.8879566084788015	1.0935630835484422
109	2.3757508728179553	1.1886901596184172
111	6.453878304239401	1.1842312051516746
112	11.26399625935162	1.086371770622114
113	12.246153615960099	1.2249185870788961
114	11.348345386533664	1.1015755578090918
115	8.91540324189526	1.2746052683311624
117	7.715827930174562	1.1336517573835578
118	9.610393765586037	1.4339422490947464
119	9.144467082294264	1.285141789598676
120	20.135132917705732	1.1555732878879668
121	14.451043890274311	1.331400219533942
122	15.024630673316711	1.192003738931017
123	22.340623940149634	1.0196629747147519
124	23.351701995012473	0.9067835456069084
125	16.196179551122192	1.2671934471923252
126	16.331070324189525	1.122748822049482
127	11.046917705735659	1.1001392110856447
128	13.02829975062344	1.1145356175154182
129	6.076659600997506	1.1751670243991557
130	10.236478802992517	0.8201023425758455
131	6.3673985037406515	0.9502883101684485
132	4.2597331670822935	0.9442164902522833
