2	0.6210763092269326	0.1452569265947295
3	0.8753915211970076	0.16615170514515046
4	1.5214875311720697	0.14647171057099997
5	1.282526932668329	0.1971777439449174
6	1.8618074812967578	0.16653639306387966
7	1.4277396508728182	0.20695484432985636
8	1.3303643391521194	0.24153106020996495
9	1.5798342499999996	0.20421614095441093
10	0.9084506234413965	0.19932360117437084
11	1.0217857855361594	0.1848501987752432
12	1.423074314214464	0.19555376690029402
13	1.2532324189526183	0.19404341446652115
14	1.7417197500000003	0.19182220824238938
15	1.5192024937655852	0.20678001890737205
16	1.4992423940149626	0.1964406059128078
17	2.003188029925187	0.19291937068275652
18	0.5763129675810473	0.20258019545838438
20	1.199490076335878	0.19269187833773388
21	1.7984827930174563	0.20922706713126793
22	1.1332892768079803	0.1678488933005697
23	1.6726620947630924	0.18752250869488726
24	1.4745772499999998	0.18946318518155317
25	1.2800423940149623	0.1719451168154547
26	1.518403990024937	0.1989234781974842
27	0.8768909999999999	0.21903262098961804
28	1.27842493765586	0.19184444779054274
29	0.8718280701754383	0.19257094046610926
30	1.1222685785536162	0.17111063612785632
31	0.8244380000000001	0.1797266621387941
32	1.2218337500000005	0.2059203845621349
33	0.6920189526184537	0.22076550303095624
34	0.9075488778054861	0.16887435867861672
35	1.7332064837905237	0.2129723835944428
36	1.3840536159600998	0.18296938689858733
38	2.184999491094148	0.1808068804238964
39	1.8977927680798006	0.17958570045702257
40	1.0868847880299248	0.18019381301170165
41	0.8200042394014961	0.19512347732815283
42	0.7339576059850372	0.21625149446647218
43	1.050233665835412	0.17229011027158309
44	1.8339987531172066	0.1633536520320756
45	0.955482044887781	0.19295934840930729
46	1.5724349127182051	0.19236229088280785
47	1.138914962593516	0.19529046167219097
48	1.4149763092269332	0.15437776996885608
49	1.771015710723192	0.1912494476029159
50	1.384226433915212	0.1860181580746161
51	0.7978144638403989	0.1882999803803548
52	0.8805840399002494	0.19101753324431203
53	1.1475034912718203	0.21007094692488232
54	1.3749725685785532	0.17521658979467214
55	1.9195007500000003	0.1582060471654099
56	1.2759493765586032	0.18741560975007981
57	0.98206608478803	0.17512655543455083
58	1.473528179551122	0.27416921695471597
59	1.3709880299251873	0.20248762390819267
60	1.2161763092269327	0.16572496459771663
61	1.66661225	0.17249493243482455
62	0.52142319201995	0.18598135189207696
64	1.7369099999999997	0.1735294223630529
65	2.192495012468828	0.19009661965533609
66	0.24563790523690773	0.2205343411229625
67	1.7047204488778054	0.16813861946474665
68	1.7105314214463843	0.20132240996947776
69	0.37593366583541143	0.18535310747066214
70	1.2502226932668332	0.22854864815736947
71	1.0668957499999998	0.18904015570672758
72	1.2787134663341646	0.1988977096496867
73	2.2174990024937653	0.16583973924352688
74	1.6723685785536153	0.22130336049798974
76	1.6773743142144641	0.21111148175521555
77	2.042754862842893	0.20609748539567457
78	1.5624426433915215	0.18179555693695473
80	1.4824137157107236	0.22146578415805251
81	1.4271157107231922	0.18648280919005503
82	0.8720192019950127	0.18104858940630725
83	1.3608753117206986	0.2056734314381648
84	1.6578109725685786	0.1823598110341395
85	1.357323441396508	0.19776066569854572
86	1.1354159600997509	0.17197136819075942
87	1.7681316708229426	0.19669961244966097
88	1.1534947630922694	0.20155582890962848
89	1.4218562499999998	0.20099160843320016
90	2.284992019950125	0.17164212087294678
91	1.2344730673316708	0.21214497622668474
93	1.677250872817955	0.16631531785310427
94	0.9263172069825435	0.18091783470312722
95	0.8466975062344139	0.1514854792699973
96	1.2517463840399	0.139515470478039
97	0.8127266832917706	0.15419117560136425
98	0.8724690773067332	0.16002895464162462
99	0.9543817955112218	0.15630471743849125
100	1.0517685785536157	0.1305382035387886
101	-0.4745511278195489	0.17248147831045016
102	-0.7071374064837908	0.1593066609863992
103	0.23872793017456356	0.17338799763187981
104	-0.49541795511221937	0.19544987201903213
105	-0.5634316708229427	0.14901612134876632
106	0.4909543640897756	0.16207581218610845
107	0.370543391521197	0.16629784307006726
108	0.7176199501246885	0.1698819951824158
109	0.5471216957605985	0.15468358720802355
110	0.8993089775561096	0.16382767029069228
111	1.2405900249376562	0.18505328256712406
112	0.10653216957605986	0.24213093537126326
113	1.12083007518797	0.22702016075448972
114	1.2089807017543859	0.18169720020126945
115	0.980631670822943	0.18094671541554866
116	1.2387039900249375	0.1687252432105704
117	1.1235037406483788	0.2030403599269719
118	0.9368825436408976	0.22316310880490395
119	1.0342700748129676	0.21049666345721774
120	1.931452369077306	0.1738946631776567
121	2.363170822942643	0.23456866563458556
123	3.2896887780548614	0.16622408765069177
124	3.1728932668329173	0.1535620557803168
125	2.5607508728179553	0.18641410285739188
126	2.493578054862843	0.1856093163995864
127	1.9323804511278193	0.16993397979789074
128	1.7520119700748134	0.1490855693155227
129	1.3673256857855358	0.16540194191954136
130	1.0259374064837905	0.13355214501562063
131	0.9750927680798006	0.14685242303573734
132	0.9053114713216959	0.1298154059868368
