2	3.4644872817955115	0.5679748203665468
3	3.5466523690773055	0.6877905280356669
4	4.954763092269327	0.5345480163519106
5	6.315756109725684	0.6758981944463556
6	6.70059301745636	0.587927250829652
7	5.863536907730674	0.6414480805570659
8	3.2596802992518694	0.7682326362963765
9	0.7238505	0.69287099407488
10	0.4446822942643391	0.7642731637809237
11	0.6100401496259353	0.7359676195860808
12	0.4621832917705733	0.7960757982014055
14	0.9976175000000002	0.6803657417266871
15	1.1268002493765585	0.7322031822641346
16	2.375158603491272	0.6083454742373533
17	1.9677044887780546	0.7807305299182452
18	5.803737905236906	0.6115703306212176
20	4.197324681933843	0.694681335228422
21	2.246252119700748	0.7279308478660791
22	3.9680665835411464	0.6509850976443349
23	0.3089763092269325	0.5821872450703707
24	2.6636797500000013	0.5980099400003556
25	1.9827885286783045	0.7075158034240493
26	-0.5378127182044888	0.7105959856566428
27	-1.3665245	0.712180704785885
28	2.266709476309227	0.7239562903896745
29	0.6433433583959899	0.6959344419326048
30	-0.5129536159600998	0.7492470434071603
31	0.12436549999999992	0.6267854266665772
32	0.6111089999999999	0.7418856561575603
33	0.6065688279301749	0.7900888903669641
34	-1.3310162094763087	0.709423289583124
35	1.0222401496259352	0.6446227243105002
36	5.103711720698254	0.5507966246137923
38	5.160019083969465	0.5925732457291046
39	3.0305326683291756	0.7099652141047195
40	1.2763912718204486	0.7253137418047306
41	0.7582099750623442	0.6169235521746793
42	-2.1533648379052366	0.6426917704995253
43	2.1234169576059854	0.5502444414810558
44	1.0415987531172068	0.6423405720002259
45	0.868821945137157	0.7360105688164543
46	0.655633665835411	0.8301250642977059
47	0.5052728179551121	0.5804027984513942
48	3.9125451371571076	0.5457092510499267
49	2.42508204488778	0.6480795036184055
50	2.6765047381546143	0.6229808655195551
51	1.8025062344139655	0.7119822507500051
52	1.0538201995012468	0.6274354046610123
53	1.5741122194513717	0.6181361666051147
54	3.1388478802992523	0.62065228747865
55	3.7363675	0.6942165020552039
56	1.9860261845386535	0.6633833210528812
57	-0.04746708229426431	0.7580234025900205
58	-0.5237007481296757	0.567468270351751
59	2.3995860349127183	0.6770317054861795
60	4.085765087281795	0.6110550506790593
61	3.5665695000000004	0.6509002637216192
62	4.270553366583541	0.5641678711638481
64	4.467056666666666	0.4912794970720135
65	2.02655885286783	0.6544040886835273
66	3.6352815461346637	0.6733801238955671
67	1.0212099750623438	0.6495434113981867
68	1.3962301745635906	0.6723715608553782
69	-1.6392825436408978	0.7688100555325783
70	-0.23018204488778085	0.815468238487694
71	1.8740627500000002	0.6913499823779116
72	1.8687890274314212	0.6835139055626658
73	-0.10502718204488784	0.6725846155315598
74	5.704882543640897	0.534524017948244
76	3.432584289276809	0.735643627987878
77	3.7856506234413954	0.5947667390956849
78	3.125935411471321	0.5994855082893362
80	1.7848164588528679	0.6826026293795397
81	0.39768054862842905	0.7040768566293162
82	-0.7012142144638406	0.6632646709117649
83	3.1516324189526195	0.6517966582123692
84	0.3763753117206982	0.7679213065437877
85	0.8374780548628431	0.6331538625149196
86	0.15511197007481303	0.6845720281941472
87	3.3361082294264337	0.7347898682656396
88	0.6816112219451375	0.7606771869983504
89	1.6390219999999998	0.6523166642427863
90	3.440954364089775	0.6804948881210662
91	6.376719201995011	0.5364325024834655
93	-0.19338129675810492	0.7515215648614811
94	-3.35219975062344	0.7244001935678903
95	-2.7052743142144644	0.6334109706112964
96	-4.142049625935163	0.6359312619943756
97	-4.3273294264339155	0.6061744205760837
98	-3.4273583541147135	0.5614129616943786
99	-5.995159102244387	0.6219246431279519
100	-10.041748877805487	0.5529700644011929
101	-14.896670676691729	0.4780312619751537
102	-14.76914788029925	0.578205142200417
103	-14.0907566084788	0.5068474350368529
104	-13.989140897755608	0.6216570885716988
105	-11.114107980049878	0.6196819091403974
106	-7.420498254364091	0.5791049991225643
107	-8.61929825436409	0.5865520510583337
108	-5.929714713216957	0.622775817640303
109	-2.6754473815461335	0.7275978930885547
110	-2.2997930174563592	0.6644890522857778
111	-5.147923940149625	0.7175213152661603
112	-0.14579451371571064	0.6568493715537976
113	0.7208456140350875	0.6005948672118048
114	2.454537092731829	0.6340247154802093
115	2.3081339152119695	0.7460148918711437
116	3.7028885286783044	0.5873373017722306
117	1.7101037406483792	0.5586900001386101
118	0.033251620947631205	0.6935615248254752
119	-2.329359850374065	0.8215151509791366
120	1.8430027431421443	0.8687177296617633
121	5.7148556109725686	0.6776766910419669
123	7.552921197007484	0.6129750384347666
124	7.811455112219453	0.6100356626786245
125	7.839334912718203	0.6353458044585778
126	7.042728179551125	0.6744744638176151
127	0.014355639097744354	0.6885282722148348
128	0.14685486284289256	0.7217986512400941
129	1.190443391521197	0.5503949979613226
130	-1.0626037406483788	0.5511696069327902
131	0.6148336658354114	0.5881327859824794
132	2.474167331670823	0.46494842837713785
