2	-0.17976084788029933	0.06604277898014427
3	-0.09777506234413967	0.06443657903224241
4	0.022574064837905205	0.06388923297593654
5	-0.20690000000000003	0.07241408976046826
6	-0.034343890274314226	0.08426788708108325
7	-0.27099900249376563	0.0876339846475975
8	0.09905885286783041	0.10118702155859799
9	0.32074525000000004	0.08694807219991241
10	0.21106359102244393	0.07623410430637585
11	0.13073965087281797	0.09506936761280674
12	0.3981354114713217	0.07372720421704249
13	0.3162618453865337	0.08838860128727014
14	0.5366834999999999	0.08017295193348668
15	0.30646359102244386	0.08749261772726287
16	0.31578952618453865	0.0798703227208622
17	0.5085062344139651	0.0714269427971244
18	-0.44815860349127185	0.0832770807602188
19	-0.20221124999999998	0.077376459033171
20	0.3039995012468828	0.0739740804679285
21	0.26864613466334164	0.08025208798326001
22	-0.044572817955112226	0.09355928368679858
23	0.5553773067331671	0.07191428334600403
24	0.12477499999999997	0.08056271786385236
25	0.17444937655860346	0.07155258777708944
26	0.4820027431421448	0.09756662710998613
27	0.298654	0.0845336921581891
28	0.1678620947630922	0.08555357722739898
29	0.11629177057356604	0.09834316879504483
30	0.37901321695760587	0.07681329203586859
31	0.160213	0.07715971440290591
32	0.3866370000000001	0.0771457157753673
33	0.09413990024937655	0.07870745575600045
34	0.32761770573566074	0.0750349888575031
35	0.4546900249376558	0.06957156309432729
36	-0.14434164588528675	0.0842068468098685
37	0.08374763092269326	0.07184427933814079
38	0.3423952618453866	0.07689254061197093
39	0.24994887780548627	0.09063388093438408
40	0.19553740648379042	0.09084601977482606
41	0.18606658354114708	0.07881636981960628
42	0.3290127182044887	0.06839340546318648
43	0.1088187032418953	0.07639304773447474
44	0.5811219451371571	0.06379254222958074
45	0.10078678304239405	0.08008249436110697
46	0.5627224438902741	0.0850613726001456
47	0.19771645885286787	0.06887876551455469
48	0.13349650872817956	0.08634810604056661
49	0.2706052369077307	0.07941776670987746
50	0.14014064837905232	0.07606988122995181
51	-0.06524812967581048	0.07712311732906675
52	0.2443890274314214	0.07566947693210192
53	0.1317194513715711	0.09270354233145343
54	0.19930972568578553	0.06875807386501763
55	0.38505325000000007	0.07349849257494752
56	0.13924314214463843	0.08542770798937589
57	0.2945660847880299	0.08700562424923149
58	0.4972937655860351	0.08525212810298827
59	0.2104623441396509	0.0760216465814645
60	0.012506234413965093	0.09513084824412944
61	0.21542425	0.08858155149856115
62	-0.3258084788029927	0.08898797147179077
63	-0.3074032418952618	0.0899384208716438
64	0.4648783042394014	0.08718182368740918
65	0.46845735660847865	0.0814419399702787
66	-0.4376882793017457	0.08395506296661745
67	0.6281034912718203	0.06575086989656743
68	0.2787239401496259	0.0714805594681319
69	0.19715860349127182	0.07699897223348906
70	0.4457037406483792	0.07113339579614007
71	0.080593	0.08359282563839729
72	0.3087399002493765	0.08408674512055753
73	0.6766793017456358	0.06358291218573196
74	0.09469526184538653	0.07700218595727788
75	-0.09578925000000002	0.07826331030471488
76	0.4572862842892769	0.08123433161923284
77	0.2777870324189526	0.09060670783822318
78	0.14745735660847878	0.09234950554230978
79	-0.10709750623441396	0.0765477324291273
80	0.4260822942643392	0.0723792546428413
81	0.3563391521197007	0.07698053287171078
82	0.20264463840398997	0.08586266109651958
83	0.12144912718204494	0.09067682069987199
84	0.5168735660847881	0.06289362920330509
85	0.29719276807980055	0.07005187845791601
86	0.39619201995012476	0.09067129491767244
87	0.2971917705735661	0.07556789393028643
88	0.23014937655860354	0.0769319236404974
89	0.3632660000000001	0.08630523475973836
90	0.4107633416458853	0.07586420727951773
91	-0.30187506234413963	0.08524350776549397
92	-0.010302743142144641	0.06822228833083682
93	0.7369725685785538	0.06592311065372136
94	0.4496503740648378	0.06626525727639641
95	0.5136935162094763	0.07019623615088404
96	0.7237451371571072	0.0552977397633602
97	0.5653897755610972	0.05503903671187423
98	0.47169800498753134	0.060231030105087326
99	0.7705728179551118	0.05174898907408925
100	1.0287184538653367	0.04517202664058712
101	0.9479249376558602	0.05433811591845681
102	0.7713501246882795	0.04312217597722751
103	1.1707625935162096	0.048943039605080674
104	0.7991017456359105	0.052678203030829866
105	0.6548730673316708	0.05390840569100651
106	0.6280927680798004	0.053732691459155726
107	0.8273770573566087	0.04805121075289354
108	0.7030201995012467	0.0650992449558651
109	0.3825177057356608	0.07287387763119287
110	0.4395007481296759	0.07998837187504174
111	0.7626104738154617	0.06716404309999383
112	-0.12281770573566088	0.08013510711340235
113	0.3328992518703242	0.09408104556923245
114	0.01237306733167083	0.08297175871661792
115	0.10079052369077302	0.06759850208937178
116	0.1107785536159601	0.07089641481828099
117	0.12416034912718206	0.08017916888875212
118	0.3185341645885287	0.06831937298680217
119	0.4430107231920199	0.08503292756943082
120	0.6338468827930176	0.0588830503717475
121	0.06234289276807978	0.08992135330060508
122	-0.18787481296758105	0.09338866151741122
123	0.6924057356608477	0.06068466226859689
124	0.3581997506234412	0.06919939493552778
125	0.1424346633416459	0.08741484912667329
126	0.22397306733167077	0.08416540287166145
127	0.6034785536159601	0.06630188533655354
128	0.49804688279301745	0.0626225919904491
129	0.2761366583541147	0.0663853042216867
130	0.4185937655860349	0.061733738666283886
131	0.15018503740648378	0.05752319318772827
132	0.10395660847880299	0.054514029770186836
