402 1.4338659542662506 0.20359098450897867
403 1.5939719654229376 0.1286657179971887
404 1.9731323447958622 0.17803611679546838
405 1.5668744397359118 0.11173378849864914
406 1.8591133687858772 0.10557450336393195
407 1.8911630123359702 0.15609661192158195
408 1.7376236676045125 0.2395853232780516
409 1.8221633126783339 0.14426982986227235
410 1.6870058509731278 0.09811287058305541
411 1.606744464226316 0.10401627679470124
413 1.9764030329534172 0.17232609492023376
414 1.9317129893187615 0.16079634914735277
415 2.0194612892655788 0.14942865705404018
416 1.8515675568534375 0.13549256865150336
417 2.0049574552892357 0.1310930074780753
418 2.2819835392042145 0.16972405764181356
419 2.0307259558643453 0.1542894093681243
420 2.1551859082719913 0.1319770737393001
421 1.9701528192380104 0.3145261648902107
422 1.681456735717521 0.36025997219591294
423 1.9295987810226087 0.1418127054554061
424 1.849779466240423 0.1425631674324698
425 2.055392342121592 0.12544173162763614
426 2.210578145674891 0.1362985788089564
427 2.073309592404625 0.13975696940014004
428 2.133475351342506 0.11686855076441463
429 2.379891064477473 0.10059775383180607
431 2.303997748450036 0.17060519244644198
432 2.193706422292209 0.12274745762957993
433 1.5545792156355682 0.21755680435000888
434 1.7001997060765242 0.1785132081048853
435 2.129712034061613 0.06960785154471566
436 2.2761988154730743 0.11943922441947985
437 2.408710577398427 0.1135639401471941
438 2.529400270777451 0.12690741318464618
439 2.7278815892136197 0.11805286426122881
440 2.742400676087957 0.09123005252449992
441 2.8051397483754976 0.13104572916991847
443 2.0468932393731025 0.29594987262843936
444 1.9764714242734365 0.27414696551783646
445 1.8966096511288515 0.23182352003552695
447 2.1558566686233593 0.11094013280714328
448 2.1353970292572204 0.11403281573670762
449 2.4268979794665895 0.12142070088290319
450 2.29308779905831 0.15609826117022738
451 2.477270099086016 0.14211181225118757
452 2.4750979879706945 0.130000287670802
453 2.2382688373468524 0.13086434206315245
454 2.019011398932156 0.1609213316329762
455 1.6487056976252505 0.14774585356448078
457 1.882058134412879 0.21046238633841352
458 2.068049472544222 0.22628705063601068
460 2.0240571927130544 0.19261689936427964
461 2.111022086874093 0.13138231035655568
462 2.121121212795596 0.11181514881867394
463 2.135144377691773 0.11916922816068198
464 2.146276787035878 0.14267108635509537
465 1.955422593811474 0.1393024155144596
466 1.7318203657985256 0.4145362061808576
467 2.071354311633689 0.14177128870998593
469 1.9817594569587742 0.13856669307208974
470 1.7737859248482981 0.20974318978882597
471 1.9523222198390304 0.13222781245354528
473 2.1083843684895034 0.08218193697032083
474 2.130682293986782 0.0906964582146041
475 2.1598968792310935 0.09551895791465835
476 2.145915550366014 0.09464073949484515
477 1.877805900903197 0.09469033797193302
478 2.1248292675745617 0.09832615722120451
479 1.8615880670003098 0.10682730670323189
480 1.8707044491565723 0.13071061176929608
481 1.7975433486465084 0.13258809899428953
482 1.742777340065477 0.17893382580665798
483 1.8432742121809809 0.13282852576857002
484 2.211263764460925 0.12876283184654266
486 2.692520162974853 0.1336602605436995
487 3.0074190737522217 0.12186934191128566
488 2.9181580229042012 0.20124777037400565
489 3.577145693061652 0.15949166686448327
490 3.620194070197845 0.1423077281680622
491 3.5923326407865592 0.19316125870915246
492 4.03629061643394 0.18072824728398676
493 4.260473831379784 0.12042597264555004
494 4.731544469932707 0.11872144742576138
495 4.323317627556797 0.120751297681009
496 4.606843834646678 0.11430922891073252
497 4.405141898168858 0.13883649015476332
498 4.211353207960164 0.11398728915812589
499 3.892525397015475 0.10618649533114805
500 3.6870267564988364 0.14213915741905825
501 3.1159682695678947 0.10702573786945886
502 2.8734075877944956 0.10871420730496043
503 2.036495144977565 0.13268429670046078
504 2.3333200608135405 0.08726773182994631
505 2.0876526250716907 0.12097575891326409
506 1.7862362544485648 0.10575234980036864
507 1.857417980328559 0.041739880637580135
509 1.3237032893302232 0.12695477945264322
510 1.4910254891201637 0.1334461407275963
511 1.5667274610230275 0.12916402825072215
512 1.6605321335102643 0.10636969145041222
513 1.8362912055663585 0.10107169255710188
514 1.6670165991090526 0.08240202882042832
516 1.9566668628318264 0.07346332389414341
517 2.1396701387837336 0.08647661326414406
518 1.990408412249623 0.10841803725992824
520 2.129712034061613 0.06960785154471566
521 1.832517324161661 0.10313873554637622
522 1.6680633191474268 0.1461364658579848
523 1.2709556144032834 0.09681422751522328
524 1.0803710164128018 0.0810447566406118
525 0.7362989298596053 0.08469368513274715
