402 0.08633667108616246 0.023265823659922767
403 0.19350559989749538 0.023648659379630045
404 0.2698562336172283 0.02768255326721983
405 0.247616688474746 0.023176358162831437
406 0.28439926502838425 0.027443799132085472
407 0.29369796589713604 0.02642639513192522
408 0.3119725626743785 0.03550162784224796
409 0.31075644017790305 0.026862626193009102
410 0.17131374358898252 0.020760287690965808
411 0.18129173343788255 0.022255893524276166
413 0.2603906433665073 0.028538503605694147
414 0.33843547935772317 0.026550424089798436
415 0.28699407424721785 0.02751114912045986
416 0.22879537660875923 0.022653399702309163
417 0.2601899307146026 0.026350353722595914
418 0.3010058927022119 0.027257909427602374
419 0.3258385572613134 0.021819074052612037
420 0.35538562871500873 0.024388263227743325
421 0.31080430132834624 0.03311537723154354
422 0.34612184543559227 0.04092261458930858
423 0.38527289351066984 0.025975798822041526
424 0.2949644611204755 0.024861005936529033
425 0.3480383835429948 0.02373043535010517
426 0.35998563403339706 0.025891676141440785
427 0.35236171090236623 0.026438318587016115
428 0.37590719046707194 0.028827165088492795
429 0.2782494051497756 0.02488301559551473
431 0.34424702717799766 0.02850724517545206
432 0.32244419326833956 0.026337689359376453
433 0.27679809525382204 0.03329924555733087
434 0.30423884103367266 0.029777730612918968
435 0.2847725128397987 0.017398669133925786
436 0.3264052728675781 0.024019329558179286
437 0.3811288574430977 0.022361984567980612
438 0.43784477956833023 0.026941732683379377
439 0.46846185363491605 0.027232526805423624
440 0.4163789752585874 0.024264175032849517
441 0.3826869925541795 0.0268145338733947
443 0.34277237355331946 0.03436207317915601
444 0.3656312815574063 0.031237236897923144
445 0.3387928570486296 0.03426329594972321
447 0.2947075145057642 0.020979760155506427
448 0.3023118542473611 0.021862014519565466
449 0.3777186219293077 0.023890749345659615
450 0.350861054187748 0.0252353981015556
451 0.43474411081686964 0.027897317825115033
452 0.35872784215535375 0.02730241377412002
453 0.3658887409324602 0.02510903707106367
454 0.303645899001432 0.027874879703727266
455 0.32274890500870024 0.030073531071302107
457 0.25075647067282325 0.02953683565610356
458 0.2978975574353276 0.031227381458391053
460 0.269833819149911 0.02554650466842708
461 0.31460953741909475 0.021808958207241234
462 0.2982987159154172 0.020354571615971852
463 0.31581456361978644 0.0231005852502418
464 0.32920788174094556 0.02707158755825586
465 0.2947597635813467 0.025147033482750967
466 0.27925636735263354 0.03758709429854692
467 0.2731553548933733 0.02428375757938415
469 0.24741605355260424 0.023033181378361987
470 0.261537059525399 0.031231605745021363
471 0.3123924191998044 0.02867781562072018
473 0.27485243636940254 0.02290708810189268
474 0.2973910105174794 0.022613207861450175
475 0.38378494490309323 0.0189304422296399
476 0.27521954927359843 0.022816202093677792
477 0.26650109904620944 0.020603712682728058
478 0.3411582025913243 0.022113308506685445
479 0.21571489716500541 0.018130940111848976
480 0.2602107308953646 0.021461764752346933
481 0.2021029437722591 0.019382753454802042
482 0.23504464731143737 0.024878649559148133
483 0.23409416047538953 0.021469245191856844
484 0.3565608644147382 0.027137487286791582
486 0.39167774056946436 0.02901632678802002
487 0.4486360729715257 0.030077913808334595
488 0.4543105404328302 0.03377687236135296
489 0.5073265320455809 0.03148830961267973
490 0.4961378009684876 0.03213895999358714
491 0.47614860768084016 0.03028000722634636
492 0.5170368941247163 0.033822529424814084
493 0.5200022441416072 0.028555697208574794
494 0.5620820450073579 0.030819002256311158
495 0.5796957718503921 0.03701621085208539
496 0.5124772347893273 0.0324151240128161
497 0.38378494490309323 0.0189304422296399
498 0.4723768776012133 0.031094055001563942
499 0.534552736086238 0.0304908870666578
500 0.4703090685970187 0.03362502337209835
501 0.3950950300385795 0.026638025121241422
502 0.36813673660914503 0.026663032333014196
503 0.26720616521468693 0.027231334460878658
504 0.29907227988817964 0.027082809058371113
505 0.2316837062897756 0.02293937788817082
506 0.26562662349430344 0.02202093106795403
507 0.24627307518788524 0.009155971369679867
509 0.08897765545721324 0.01941949612604715
510 0.20455598681881182 0.021158176674786467
511 0.19180573734567333 0.019758144326059497
512 0.16313937060220782 0.019544083837402474
513 0.20439971097137713 0.01952625039242471
514 0.20673463680494517 0.018555338640184205
516 0.2707323094619928 0.020056123059476943
517 0.2793314245693253 0.02354337935525293
518 0.29020072243076706 0.021712263887523196
520 0.349933720894823 0.013904450310396946
521 0.28751221752666684 0.021740298880165647
522 0.18725185599213123 0.022884378348260737
523 0.011693084031594862 0.010868224743307944
524 -0.24208126905243013 0.020769274648165362
525 -0.5615803153472996 0.025712836200997163
