402 1.4554612719331252 0.009079564891105635
403 1.5735458601759247 0.009752348222037166
404 1.5780902570333104 0.01093659095543784
405 1.591025051935362 0.008638933471714275
406 1.563636999211177 0.008997578097139238
407 1.6090269752257054 0.009490738477953939
408 1.596308405135928 0.011435148807893316
409 1.5810626450978629 0.010089802850821386
410 1.37707949852144 0.007152834366046413
411 1.433444224971053 0.009235833168096999
413 1.4831967568957316 0.009463211377454251
414 1.601191711102078 0.009812563555607038
415 1.4660385449145943 0.009651543866414793
416 1.4456791019555115 0.008463491838517767
417 1.4653399972338952 0.008849536151870261
418 1.5469068668846893 0.009397375928550195
419 1.5466386289329073 0.006418912424281636
420 1.6164046523210172 0.008524467850542717
421 1.5731459431193697 0.011154277945968445
422 1.5364518839702057 0.015400459849579868
423 1.578369206476171 0.009172749038206375
424 1.5419022372702391 0.009373982581284152
425 1.572243913248781 0.007368964710372694
426 1.6327212141052172 0.009951911025711397
427 1.579324430023308 0.008213036899014243
428 1.565209986650807 0.007881024707222063
429 1.5222953859005155 0.005913522383359647
431 1.5827353027154623 0.011502132548369981
432 1.577550110911988 0.008799719380319839
433 1.5030373821998082 0.01102727122762813
434 1.4822215488404529 0.008863105664765034
435 1.5257689282819187 0.0072632422835986555
436 1.5976966729966124 0.007854807462873972
437 1.616402093888498 0.006871003936050198
438 1.6059706694676381 0.007941570237490677
439 1.7159807278205954 0.008529838012962442
440 1.593622790324426 0.00850808845029403
441 1.6594767957408156 0.010078940092501092
443 1.5516553795501011 0.011617087991108365
444 1.5680154947245142 0.01182251591891069
445 1.554845430334975 0.010557218453023902
447 1.5221728035263087 0.006694731097373072
448 1.5152757334092686 0.007530810746464759
449 1.615773733291584 0.00790488886118959
450 1.585723520007215 0.009128515496223302
451 1.6697229124127846 0.008976928404695434
452 1.6617122201531072 0.008660031246261817
453 1.6243376846689253 0.00777978771101147
454 1.5385947433600111 0.00811411128177107
455 1.483229846280838 0.008345717767413175
457 1.4728882399499097 0.010802951295863216
458 1.5618414348288339 0.011331197072564312
460 1.4738619055132893 0.01024124646361547
461 1.5802323152261495 0.009213917913598296
462 1.5534527309685564 0.007142693804801721
463 1.5349941796480624 0.007374868414898554
464 1.5432939183707892 0.0085002739431257
465 1.4708603728063778 0.007073692844766095
466 1.4880464225774839 0.014323314908968817
467 1.5173671689300536 0.010634352291988518
469 1.4659559615125022 0.008051701310639273
470 1.50782709150051 0.009853577449300467
471 1.4304735906779564 0.008652019495597803
473 1.4708944562957005 0.007853255855317801
474 1.5004998172620025 0.00827296305082791
475 1.4527788835432776 0.007955638894024973
476 1.563763992292507 0.007057218384277925
477 1.482053079288438 0.006638907532978719
478 1.5692607455383645 0.007024334740538539
479 1.4137055150843236 0.006991318389953978
480 1.509477455217008 0.008979442828074523
481 1.479157252744172 0.008457639734142638
482 1.4661485450111134 0.008782350192771918
483 1.5190327032140174 0.007681569183075817
484 1.5311573265599592 0.008232373596482852
486 1.6053470803335281 0.00966613607313559
487 1.6286738615464844 0.008481629156147714
488 1.620530783747659 0.012200513753394347
489 1.7026369659644305 0.010083471752305478
490 1.653357157201564 0.009668159427535974
491 1.6018125313986682 0.009433893758687962
492 1.6709194400770164 0.012757203123822166
493 1.6081761605880118 0.009817819974734599
494 1.6286915348900801 0.009536386605376103
495 1.5947673456175937 0.01065431219035225
496 1.5861638238821092 0.008233225461414412
497 1.576376085510385 0.00838709268521601
498 1.5967982367075082 0.008988587355978165
499 1.5834653641824212 0.007667674833117398
500 1.572889668802426 0.008678302629157033
501 1.471086377960962 0.0068866210027063715
502 1.4710384085046193 0.007980340268183471
503 1.3798788190049187 0.008066349733626521
504 1.4208810857833791 0.007104332473624182
505 1.4561146109054264 0.008146955118902184
506 1.4924759539655021 0.006608419736408964
507 1.5035384954598967 0.002993487992917485
509 1.3749757783138772 0.007351903580890371
510 1.3849979376037371 0.007045464351159384
511 1.4670955228513916 0.007546761068422123
512 1.3968423949252848 0.008042519381190086
513 1.4979901673035168 0.00711597578551287
514 1.352417514633033 0.0063195762563378974
516 1.5070318513667624 0.006905147063350504
517 1.5104115244944887 0.008887567784371041
518 1.5776197299118222 0.00920303800812818
520 1.5906061295999736 0.00804803834540971
521 1.5443104856162773 0.006192722606133823
522 1.5960925852690635 0.01004616610412151
523 1.394763908533056 0.006335579028720694
524 1.2421279341956493 0.0060716322503329085
525 0.9661551026822988 0.004306964110914622
