402 2.558482181788769 0.04911212196061588
403 2.687157590539302 0.042659507669656156
404 3.2223700307664433 0.06975303735870284
405 2.7453847214114155 0.04500307220635078
406 3.0110809760087545 0.04741532367224309
407 3.222233445267365 0.05962558847919027
408 3.1514107459088527 0.06703306491785752
409 3.0910129012476957 0.05412853918815967
410 2.6529881150550167 0.05305693577345322
411 2.7231368894675545 0.0537583757117972
413 3.1552167687072687 0.0595690284428636
414 3.070163875044293 0.06812033195180027
415 3.203651978272929 0.059041977773299746
416 2.8718703535972265 0.06180006292626315
417 3.2007586359582088 0.053961266358805465
418 3.545011962551691 0.08723527122667735
419 3.2620848766225206 0.024189994158216488
420 3.5611154795565487 0.05673433936326945
421 3.3157081029012243 0.08551696081301204
422 3.337733251249979 0.09375410758691084
423 3.1692265237033452 0.056209666584291586
424 3.1191847039691183 0.055930253957633506
425 3.0893970495288676 0.052770935583420296
426 3.524915003197642 0.05727006726042496
427 3.2827236212416784 0.05517325567968518
428 3.1674354813975785 0.054748744062464036
429 3.375532216661487 0.04768456587620829
431 3.5585015514401537 0.052355112350570436
432 3.3012773413096377 0.05854223772687377
433 3.081238401260471 0.07589144095834582
434 2.966058584883454 0.06346133821743376
435 3.1013141480954367 0.03611488023991513
436 3.423504154624753 0.053545587845055344
437 3.5598007877598836 0.037164601755623985
438 3.95182022460434 0.057031259607287374
439 3.7897140071884037 0.05440259957466104
440 3.960752895605304 0.056738161772069716
441 4.1530297533423735 0.06519782652523783
443 3.5137679573331844 0.09269412870370432
444 3.663561058481415 0.09426693356690262
445 3.1823914794352546 0.06541170342535202
447 3.230584374760575 0.036838199790626795
448 3.41642675137284 0.05822144860000042
449 3.5247982293056914 0.05773329901124412
450 3.6270532094836847 0.06644317359988407
451 3.9567406378484393 0.06620376586223167
452 3.7720238799468344 0.06888857333935426
453 3.482816042473248 0.05147088509320929
454 3.2071245414277785 0.058498555163157606
455 2.8875589199943335 0.061987883500042876
457 2.923476757668898 0.06512345623966874
458 3.2184349934017202 0.07568036789255166
460 3.1859528288802275 0.06620381606515155
461 3.2596682261124905 0.030878985071921713
462 3.3794435505524474 0.03786477142563207
463 3.157386549394777 0.054462390862650006
464 3.33067298057487 0.049627506214270124
465 3.0601352441473506 0.04512141712589377
466 3.3647771408458955 0.10613206756495398
467 3.3045086959151972 0.06287354002657311
469 3.1110593931338473 0.05891574796142475
470 2.937626335350579 0.07329270114355325
471 3.1627988136560883 0.057056921931928774
473 3.078661444023563 0.04553728941478026
474 3.1642648441421746 0.052868779301601186
475 2.961921139288967 0.07979158286650365
476 3.1972728486021493 0.04200884389998481
477 2.9697386962016945 0.043886883614191026
478 3.231736583370338 0.03689382500551498
479 2.9320668750168917 0.048568939611445656
480 2.935329121927448 0.045129703097831
481 2.7835900165487137 0.04298050987581955
482 2.888839763034662 0.05382038788914904
483 2.9097675339686364 0.04182823137159512
484 3.359797774229245 0.05526869036818753
486 4.080148693720646 0.0784769420258254
487 3.86489527363406 0.04708048737759207
488 4.22903688611362 0.08804108250352988
489 4.834717885516673 0.08782361277912763
490 4.96651227803603 0.09146829796559335
491 4.988952897499152 0.07490143457714535
492 5.2779885792046946 0.09547629884203097
493 5.199085300113403 0.07113727851286641
494 5.9371688213758524 0.08228857477482894
495 5.422735319065281 0.08627132126206472
496 5.984277973761079 0.0880461910218568
497 5.38016575415578 0.07278119395818783
498 5.665212141195472 0.09084400275971627
499 5.275932998440176 0.07814512694867408
500 5.148398251360586 0.08244335610514991
501 4.332884520007039 0.060327621488588494
502 3.9605650969389607 0.05396905506688854
503 3.240932290174082 0.049585943360770414
504 3.2685310603234052 0.05602376395047084
505 2.983338166512083 0.048354939184942575
506 2.9986520923006204 0.050237249134344415
507 2.8991881522144496 0.018908890434384738
509 2.2704973107976 0.04559102235972545
510 2.3411973270557778 0.04148114534074161
511 2.663388838320795 0.04470136513403024
512 2.5546813406341045 0.04065894198987231
513 2.7659052319367 0.04367751192846651
514 2.5515799960775642 0.044799487478590194
516 3.091187119803471 0.02669586290422748
517 3.4096454361651283 0.05915618289037197
518 3.1690203092239817 0.0449637189960974
520 3.15877140863498 0.03175697960952369
521 2.938834983442324 0.038908637253001366
522 2.683239040653733 0.050873934799141735
523 2.1286689462133843 0.03155728124414721
524 1.7859016970335924 0.04050340516542523
525 1.7731899153498087 0.03507449564800595
