402 1.0939729060892942 0.44032702633507254
403 1.0825634940361253 0.3170661575148586
404 1.3895170947857438 0.3392933903619844
405 1.250006082794737 0.23998610909490758
406 1.405345467022246 0.19822933496210055
407 1.6639020386122183 0.3208477394689156
408 1.178098031564872 0.5088817415366693
409 1.2760144983307284 0.3466062318418867
410 1.1436582698268662 0.21845812168857348
411 1.1066209261482527 0.22938430070561136
413 1.57762393279251 0.30679633668608536
414 1.4045879511146286 0.36800631385449417
415 1.651709973350285 0.30095139929751713
416 1.3322618055599946 0.3106475927409782
417 1.4520464135586548 0.21054827001341664
418 1.7243222326382681 0.34572641079661415
419 1.6188563072620625 0.25642379374550084
420 1.556995275097682 0.23930584304141989
421 2.0589708399740068 0.6794148808824476
422 1.426973358994312 0.8463442921584434
423 1.5030401576481727 0.3004716856111645
424 1.4319205583290178 0.29069857916033537
425 1.6235976258256213 0.2565167316375347
426 1.6528287297445303 0.2622775237834288
427 1.2986441619528462 0.2728314532792045
428 1.5744213458179426 0.2063528932694115
429 1.7209328113561373 0.16850648582351488
431 1.5650658968613238 0.25132149988763475
432 1.5109901213815473 0.24635342044002292
433 1.2619620357878614 0.3682954537746256
434 1.1200764097607487 0.4286240351716911
435 1.352019721296368 0.20183139934935057
436 1.8270894144419376 0.25594891420086757
437 1.9019233697363649 0.2203285045403108
438 1.9692732611260875 0.24013541182853448
439 1.9455142497035223 0.2595492221592753
440 2.001193868500419 0.17403660060182885
441 1.9664544514039874 0.2385752337824302
443 2.0535398354104517 0.5463268739743198
444 1.7477874296895448 0.4996840362935245
445 1.2947354802318956 0.4931924510257042
447 1.5572510820655954 0.19694323053684765
448 1.648557425065436 0.22859108267206346
449 1.8278887377790651 0.2553763687385694
450 1.6928549099517107 0.34213792298081935
451 1.9605333826636155 0.26714616438306593
452 1.7694934509069513 0.2600609269709194
453 1.6990424921775815 0.3063838177346119
454 1.4849969245555255 0.3135272993304889
455 1.1917179422287654 0.2783095258126665
457 1.349643568444867 0.4519171685004256
458 1.5664042463974706 0.49584978513139216
460 1.4842884252341904 0.44613447716946153
461 1.6188563072620625 0.25642379374550084
462 1.6216272287168576 0.25625882067722994
463 1.8556936168296618 0.2299250394444783
464 1.626194075376733 0.24534058542208623
465 1.40104207287755 0.27081845183067316
466 0.8546695579453537 1.076149868191952
467 1.488009994494703 0.29584342697934246
469 1.4256841990797664 0.30662570756298907
470 1.3354662499988843 0.5493742644288101
471 1.5506101384140816 0.2621835606973256
473 1.6067304323099907 0.1658322895980065
474 1.4790902978765434 0.17197590766344673
475 1.6414336559054552 0.1897639994689808
476 1.6110752446374215 0.1887519578476818
477 1.3441925550640719 0.20869062659022608
478 1.626187993857335 0.19535897856551118
479 1.4385751525539416 0.2377732478809106
480 1.364783108284718 0.2532011379870298
481 1.4171542739005636 0.32287347722466303
482 1.4605749916410518 0.43699503653143357
483 1.3863912102891751 0.26964495634218555
484 1.6674490766638632 0.2059625502743673
486 2.0848500800402046 0.2658057224946551
487 1.9224787849052063 0.17218990064082837
488 2.346486502111993 0.39261767516234347
489 2.591089351023846 0.295074912258768
490 2.381479401925106 0.30940060113115586
491 2.675677690602754 0.39693277989246206
492 3.0181684535299205 0.30750967887695585
493 3.279439360333662 0.2117494394372212
494 3.298111491208775 0.2087951856926323
495 3.113342282214991 0.20477591167075143
496 3.3205587695836183 0.21722397800938503
497 2.7943655585683502 0.18927737980331277
498 3.3580261864795924 0.2304103657852519
499 2.8925104446841665 0.20654510347978178
500 2.885410413201163 0.20774168928058495
501 2.545210835796325 0.20188952791105844
502 2.0283215957405796 0.19440129911038226
503 1.2611701660861145 0.27391351033360184
504 1.7251308986223037 0.1790002685835364
505 1.5915095928562542 0.2157184400944925
506 1.357689320584667 0.21981468767029255
507 1.3732120575530489 0.08354656016693619
509 0.859770782601186 0.2842006532143203
510 0.9825221149594716 0.30167301691875953
511 1.1382611601793613 0.2833542977206352
512 1.2938263330849087 0.21235768572925312
513 1.3082954290125937 0.20551611397067054
514 1.2162335446958712 0.17559732927276647
516 1.4583170548203752 0.14274494227116036
517 1.4228614550310335 0.1676656220019663
518 1.5247600295854078 0.18703782891014814
520 1.650339530779089 0.13664376615156187
521 1.4631357549230615 0.16090095297990412
522 1.3692626740928335 0.25286733229752867
523 0.9925483181016678 0.17959476872705915
524 0.8275649769276938 0.18210619615381907
525 0.5711938820960136 0.19290079881009572
