402 -0.5010776419751024 0.06683081067477804
403 -0.27477915864513136 0.06482564323945761
404 -0.0759088601587527 0.07203231206661792
405 -0.1413270892842159 0.04973387306189415
406 -0.12986978622961468 0.04581703792527094
407 -0.0843446336968854 0.04296625858313099
408 -0.05412856756872058 0.05120515281576385
409 -0.11681706695986749 0.040831632830072795
410 -0.25271648672851477 0.04842938894665694
411 -0.27517000658223956 0.06341091722331779
413 -0.2533754081189889 0.07231238244059798
414 -0.06818827204316343 0.06441596711939088
415 -0.047968351216533305 0.04493635520662399
416 -0.1616933061480918 0.05771560201716612
417 -0.13241539950333828 0.04628379323566819
418 0.04078016102803413 0.038065091691728385
419 0.06145560265915712 0.03083632723854918
420 -0.016342503485988976 0.16385397195925955
421 -0.0870960993977369 0.08264823629919256
422 -0.05701758878382143 0.054302465508401364
423 0.006835976395861939 0.0686030371399668
424 -0.07025182166526307 0.06627944437022633
425 -0.04233386712656355 0.03965801705132621
426 0.012071501726491076 0.12116046013304697
427 -0.04739010018938607 0.04465633119628044
428 -0.011328758614645225 0.11348952480268479
429 0.006957671645451491 0.0697460028692461
431 -0.05408263598385436 0.027038259365302148
432 -0.009242207480606612 0.09273967643770209
433 -0.09592118283830574 0.04897301431116247
434 -0.0755116401645035 0.03846661625212803
435 -0.06271282406053007 0.02106500082270285
436 0.0033176790468573423 0.03328346825143057
437 0.02611724100910181 0.02426424858766127
438 0.08533719532875286 0.029302289590450985
439 0.037419363477308704 0.03479555250583232
440 0.18754608825856542 0.041696212303895974
441 0.12547994261580914 0.04451212568676146
443 0.05935510966979573 0.05652867587599593
444 -0.0471521206188241 0.0441717171246602
445 -0.07964340596962588 0.04057139174532436
447 -0.022395529254080577 0.0207813334287137
448 -0.04004858154922108 0.03758224661510482
449 0.08402181214523301 0.042897734232224996
450 0.11214906567206713 0.0393722480348586
451 0.21422994896793357 0.047940219963493916
452 0.10869497421779645 0.05504334761137152
453 0.05673257583201575 0.053342438901810334
454 -0.06308461112932003 0.05931489916435641
455 -0.15690449816336818 0.05550234484323746
457 -0.16042293366968113 0.056746932621573466
458 -0.06881987787812345 0.03462635364937029
460 -0.12708092615771624 0.04508005056108179
461 -0.003157952208491819 0.031643838830508655
462 -0.026429556938145932 0.024534155105729604
463 -0.024087504659911208 0.022529949479086597
464 -0.05378370906531956 0.05062366068118357
465 -0.11310968431600313 0.0391113495651474
466 -0.04112758051496778 0.039337883991050614
467 -0.07774077117201714 0.039368078625449617
469 -0.1487318854900726 0.0522154032324306
470 -0.1061419831696365 0.05461054415952835
471 0.07139921846662457 0.03609344656461122
473 -0.11965984514697296 0.04166030414324114
474 -0.1204729746647542 0.04186656347451839
475 -0.0006250800993950514 0.006264975145864234
476 -0.042284444349011734 0.039717879613738016
477 -0.0723007483611421 0.036377735024474014
478 -0.0095390945089304 0.0956551859344267
479 -0.11677769689894062 0.040511531300001374
480 -0.2092691218858927 0.039398119552527366
481 -0.17939431118233262 0.03988386723831388
482 -0.08475982179019846 0.04292253959164128
483 -0.14465340916811892 0.031434611209257765
484 -0.03680303742672408 0.034352757783847734
486 0.10486443036891613 0.053419311151385845
487 0.1138837912551427 0.0302468986879433
488 0.21757567814788464 0.06109586138253984
489 0.2771329950382991 0.0649579253639466
490 0.24967986878525397 0.0569851286175285
491 0.2803507010337655 0.05497362331166559
492 0.21766905190644695 0.048709819882383446
493 0.2827798971450786 0.04725019907196611
494 0.33643396387679514 0.05060335818186131
495 0.3100565409290513 0.05303720243967433
496 0.276885497485223 0.06380623956603078
497 0.1744665435717598 0.047255417757915356
498 0.22733354153894794 0.05188496440142435
499 0.23472503448455354 0.05290794866191996
500 0.18020256854335706 0.05014437411482236
501 0.12031462737746527 0.06173233385032483
502 0.08410814572413775 0.042202601435080686
503 -0.03242814660795381 0.0304598355943977
504 -0.05014926968452212 0.046840850396787835
505 -0.2242431758094038 0.05018097248029677
506 -0.1385876740624955 0.03743934348273037
507 -0.1873301006455208 0.016082406356941453
509 -0.37064273323800323 0.05099708240953928
510 -0.262299548806861 0.05026584151332608
511 -0.3070841568314573 0.05312537833866975
512 -0.2593570045823225 0.043162327047668675
513 -0.20992468384432056 0.046671536936208374
514 -0.17108494934169005 0.04674519036444146
516 -0.11729099468479295 0.031208246922783053
517 -0.10759364019870965 0.0376077239891151
518 -0.061224313689394114 0.057508144141095265
520 0.0009968030193522352 0.009981855478118085
521 -0.1004538317996441 0.0263240531297372
522 -0.2358044937600103 0.04518845482345232
523 -0.5516276079714804 0.04995322596799471
524 -0.7331296889196253 0.043555314784443785
525 -1.2601713164926538 0.0610170769722511
