402 1.3583533694306174 0.040366223295524584
403 1.4642954505936436 0.03530627544150585
404 1.5404665016747885 0.04868932397341463
405 1.6089049218255806 0.04087760159474062
406 1.577460911425818 0.03676490179700258
407 1.667117939564626 0.04656035302697204
408 1.5649893090283198 0.04565069115995023
409 1.52010276200434 0.038434908521862536
410 1.372264380394444 0.027516685630751065
411 1.5009986598857403 0.03511207226487877
413 1.498590094736821 0.03934169918904454
414 1.5378356057166984 0.041100350005649516
415 1.5200145200755042 0.03791382692918394
416 1.4624779582598926 0.03699222194373061
417 1.5721145462389354 0.03513525845481088
418 1.5791689669814641 0.041403945983832076
419 1.570067423259388 0.029403031325544057
420 1.6371017321621553 0.04514897168762341
421 1.4717095410203942 0.06168678155692997
422 1.4843770774792286 0.06075599314648659
423 1.561443175027945 0.042510294587308275
424 1.5632538697345693 0.04302357675894001
425 1.6141684030660306 0.04282007227054172
426 1.7142555100141876 0.03757537309685006
427 1.600375002421887 0.04087124662029751
428 1.668534566602464 0.041496847588183686
429 1.5856935309352191 0.03558275590037414
431 1.6206767300629108 0.04380071680202245
432 1.68646828127383 0.04619400025019666
433 1.5272967281008962 0.04500630837014765
434 1.4728562322577021 0.044091956863172584
435 1.546922499831526 0.023853922172343674
436 1.7108751928398827 0.041093565662719475
437 1.6801733007144162 0.037775681272429626
438 1.7255035279131712 0.03827981513171074
439 1.8207522495370503 0.05534152689284875
440 1.7105088821807524 0.03780180010128646
441 1.7501380992494526 0.04779725640392052
443 1.6433239319377217 0.06894561815388964
444 1.505736360820406 0.05315361598322606
445 1.5286762839483408 0.047310942256426826
447 1.5921153623462683 0.029922507252242866
448 1.6298986421699786 0.039655372467443
449 1.6677912516851732 0.04392857978318508
450 1.6037736031198355 0.04305034920277768
451 1.718523722709195 0.04610556335414735
452 1.7499012517047938 0.054188086499842594
453 1.675629609745063 0.0527101100684052
454 1.5355707874667552 0.04167049247570756
455 1.5432512429832252 0.03906807748092185
457 1.3825228026188818 0.04142671345408531
458 1.5803591540448318 0.05270734852065412
460 1.4474840445016368 0.04837181775451306
461 1.570067423259388 0.02881721960743815
462 1.6350716329902912 0.0353340782920175
463 1.595147226725839 0.03416567149740996
464 1.607830678267305 0.03405931991075044
465 1.5155606443683896 0.03854472670266452
466 1.3728995719885415 0.07371173315457395
467 1.5168438599177616 0.04470918358931903
469 1.484870520164031 0.03355560040764519
470 1.4700366084866623 0.04408279801188974
471 1.533949867558554 0.03968383916379263
473 1.531067011454644 0.03145921976131102
474 1.5800572393531545 0.032376678394072045
475 1.5572072362785652 0.0320719286433996
476 1.6115333513065229 0.0329335802992385
477 1.5446813832578683 0.028802096139948188
478 1.6133758247121928 0.032225117818748955
479 1.4711197896048063 0.02746938461366242
480 1.5568300386397562 0.038383710159765175
481 1.4581582864011173 0.03763982340910951
482 1.6307951752829857 0.04561932324342181
483 1.5262070106852552 0.03985979665773053
484 1.5330465487213827 0.041824217776336825
486 1.6761705709949786 0.042853220124504036
487 1.6720826870315544 0.026943038931536625
488 1.6339893490186532 0.05334852253827923
489 1.7563652827711411 0.044755122921051556
490 1.8438226042505013 0.05446830341604999
491 1.7768004480818864 0.06065599963469999
492 1.8011098756074304 0.056504460051949874
493 1.7251168334110463 0.04051145723468349
494 1.749553874334906 0.04487821456428387
495 1.7841755090671285 0.04254502459380775
496 1.870219979472135 0.06259328841128821
497 1.6940880250866805 0.03801545974111489
498 1.8654638161452408 0.055280718945524956
499 1.831542602613976 0.05456707188318418
500 1.6544287703630993 0.04536966958929958
501 1.6787102651634487 0.03654268642334762
502 1.6024080582883984 0.03409332395872973
503 1.4547237122315948 0.03864059055222178
504 1.5510607483191456 0.03911368053604879
505 1.519890986168803 0.030889221597395794
506 1.5244199980765931 0.03194459032965548
507 1.5472215347755025 0.012652439704676277
509 1.3167016444957707 0.03192652028868888
510 1.359659580775693 0.02963286170124912
511 1.4498211897949507 0.028374755086194994
512 1.4440318230440037 0.030244372294026243
513 1.5106560670829823 0.028185347015151213
514 1.4005383985641575 0.028003449218880982
516 1.5402736294234671 0.028650381885487294
517 1.643210883858716 0.035539363632025256
518 1.6418005025697076 0.03572748790325598
520 1.5677632873285332 0.02146524852807741
521 1.6720826870315544 0.022962206824083946
522 1.5349777160891374 0.03626692460656492
523 1.3561122389572873 0.02486273663756148
524 1.2132659415107507 0.026750255827318402
525 0.9325919149111855 0.014902027103444074
