402 2.2385106458006754 0.04515245433405087
403 2.333742630145223 0.04053760900531792
404 2.814323493408012 0.06021975522928216
405 2.414824018284532 0.04701136596543176
406 2.570190012765026 0.037462501070059655
407 2.7408026253916327 0.046851854499202414
408 2.5354133849701253 0.05550207795265589
409 2.536266464368258 0.047077131664483844
410 2.2592346341647436 0.04006560230229978
411 2.3267162506140227 0.04789741898387821
413 2.7563859822978785 0.05235112673948105
414 2.6258107969879063 0.05219662382120055
415 2.731255662817644 0.04702640655573783
416 2.472087687886945 0.050167555109966164
417 2.756561600222619 0.049784930778191495
418 2.968931095908984 0.062014798222870524
419 2.9366335723041774 0.05297571681897507
420 2.9530226057151605 0.0490400708023375
421 3.19071295847337 0.10965869555884732
422 2.9346868973449283 0.08455085470082033
423 2.676880714479863 0.048475435821840204
424 2.628594719792502 0.04853227949747125
425 2.5521432948371583 0.04439521756533208
426 2.998977978551425 0.05213502647217991
427 2.8091645513596117 0.05245750292027638
428 2.6992485774757826 0.04706078883510252
429 2.862975884606377 0.04365459507043675
431 3.186505263358658 0.06649116930597242
432 2.9120784340637726 0.04776281899074846
433 2.7010004869525717 0.06346538473112169
434 2.6116540160565207 0.06283783358954038
435 2.499223279396779 0.04118238238036477
436 3.005415899333619 0.04802098776798337
437 3.072490466603573 0.04237965508218591
438 3.2679343537429344 0.05383133022717765
439 3.5210806939195827 0.05654450067643865
440 3.2912397225462944 0.04630471788127376
441 3.487816649400573 0.05027553049639975
443 2.7527872949268364 0.0807317444720407
444 3.100061451981044 0.06895414861080153
445 2.887788797446964 0.05790080461301414
447 2.8128828107071353 0.032771583421037226
448 2.8194573907011904 0.04463130022436838
449 3.250448027988862 0.048952767401195495
450 3.0820831145715153 0.07386971174445806
451 3.2659584943003064 0.05578467628419474
452 3.0744611660645105 0.06402856425914866
453 3.2384685272846303 0.0653994352428686
454 2.8626970956403026 0.04790716529224928
455 2.4911504916241674 0.04951092703369068
457 2.7436971822301706 0.059420360087179214
458 2.772409818971881 0.06844672709758882
460 2.830872031364996 0.06404359273554582
461 2.9433165078115775 0.04211589739450313
462 2.900263271437737 0.04429964148664788
463 2.8448318336735734 0.042881960062724676
464 2.874140107204082 0.037952819246529414
465 2.648664604606297 0.051065204229692816
466 2.8842482629008668 0.0903672582863706
467 2.9083462009112027 0.05146639065661904
469 2.7105933775576463 0.04187391064153466
470 2.518157215521381 0.061551601518176166
471 2.7049525705121362 0.04460169456306075
473 2.6562069164275326 0.043330603887178555
474 2.8213072984162757 0.038084331874886454
475 2.7886727563866094 0.0341028871660666
476 2.842460334475424 0.03832490736342801
477 2.516573794276216 0.034865618099295434
478 2.6945608338007547 0.0379350961032931
479 2.4745782016201567 0.03888923858930892
480 2.5113203111205715 0.04204160796806516
481 2.3617435915289886 0.04116435716479439
482 2.756872587653376 0.05204287937430173
483 2.573364343730375 0.04854561329379529
484 2.7360162878688215 0.042899880308257414
486 3.3252994802396816 0.051209521482845
487 3.338224787448578 0.043084135155592326
488 3.6238119123980064 0.08152322491161858
489 3.973586300737953 0.049421661411644106
490 4.2546440079841235 0.07595203984876299
491 4.281434398229686 0.08391100856949793
492 4.413126401770216 0.06771654078294509
493 4.7883837222401135 0.06961718931367683
494 4.9248200818332615 0.07084341433840019
495 4.545309744251604 0.07094474824156811
496 4.696094306281911 0.07779728441798951
497 4.482871205370081 0.07530324968435649
498 4.747766210765085 0.07461750211668033
499 4.384357688513714 0.06845403218090336
500 4.149116758212475 0.07114066795956402
501 3.66895731767388 0.06089180421686373
502 3.298292320386774 0.056992091164116326
503 2.9169363147924874 0.047738393529540415
504 2.527043294043676 0.05339354058445274
505 2.500096824389246 0.04235140394176428
506 2.484524845969063 0.03663337662204173
507 2.5103125275093663 0.016287680569228306
509 2.0203915488806743 0.038518825135015554
510 2.014432187590659 0.04167729914757142
511 2.318416130276088 0.04177322454379065
512 2.2591017921788143 0.03266181077759491
513 2.324120277703221 0.033714232545437546
514 2.195520282368652 0.03603097793902829
516 2.4337093817883173 0.03677806690791836
517 2.6634276517936186 0.039478381582174905
518 2.767243923241126 0.05060787690196812
520 2.7833982077650368 0.02445998440700637
521 2.4859802272519085 0.038226129842625196
522 2.3849950162612306 0.03716184651531441
523 1.9510347831009762 0.03812256646789702
524 1.5807965007577023 0.029160859952100014
525 1.4887429078028713 0.02912507220900812
